
Showing logs for build [32mcb-kubecd-environment-pr-241-2-lpdlq-1[0m stage [32mfrom-build-pack[0m and container [32mstep-credential-initializer-rjqtc[0m
{"level":"info","ts":1592923744.564732,"logger":"fallback-logger","caller":"logging/config.go:69","msg":"Fetch GitHub commit ID from kodata failed: open /var/run/ko/refs/heads/0.8.0-ns-support: no such file or directory"}
{"level":"info","ts":1592923744.565656,"logger":"fallback-logger","caller":"creds-init/main.go:40","msg":"Credentials initialized."}

Showing logs for build [32mcb-kubecd-environment-pr-241-2-lpdlq-1[0m stage [32mfrom-build-pack[0m and container [32mstep-working-dir-initializer-5ns8x[0m
{"level":"info","ts":1592923745.665671,"logger":"fallback-logger","caller":"logging/config.go:69","msg":"Fetch GitHub commit ID from kodata failed: open /var/run/ko/HEAD: no such file or directory"}
{"level":"info","ts":1592923745.6676443,"logger":"fallback-logger","caller":"bash/main.go:64","msg":"Successfully executed command \"sh -c mkdir -p /workspace/source\"; output "}

Showing logs for build [32mcb-kubecd-environment-pr-241-2-lpdlq-1[0m stage [32mfrom-build-pack[0m and container [32mstep-place-tools[0m

Showing logs for build [32mcb-kubecd-environment-pr-241-2-lpdlq-1[0m stage [32mfrom-build-pack[0m and container [32mstep-git-source-cb-kubecd-environment-pr-241-2-lpdlq-mqbkv[0m
{"level":"info","ts":1592923750.7084684,"logger":"fallback-logger","caller":"logging/config.go:69","msg":"Fetch GitHub commit ID from kodata failed: open /var/run/ko/refs/heads/0.8.0-ns-support: no such file or directory"}
{"level":"info","ts":1592923751.7256188,"logger":"fallback-logger","caller":"git/git.go:103","msg":"Successfully cloned https://github.com/cb-kubecd/environment-pr-241-2-boot-vault-gke-production.git @ master in path /workspace/source"}

Showing logs for build [32mcb-kubecd-environment-pr-241-2-lpdlq-1[0m stage [32mfrom-build-pack[0m and container [32mstep-git-merge[0m
Using SHAs from PULL_REFS=master:a8d681580805fd94b9fa3368923f0a2119b22595,1:f43bf3ddecb6be3ff03c2fb4963f0aaef3f6a9be
DEBUG: LC_ALL=C JX_LOG_LEVEL=error git fetch origin --unshallow f43bf3ddecb6be3ff03c2fb4963f0aaef3f6a9be: a8d681580805fd94b9fa3368923f0a2119b22595:
DEBUG: ran git fetch --unshallow origin f43bf3ddecb6be3ff03c2fb4963f0aaef3f6a9be: a8d681580805fd94b9fa3368923f0a2119b22595: in 
DEBUG: LC_ALL=C JX_LOG_LEVEL=error git branch
DEBUG: LC_ALL=C JX_LOG_LEVEL=error git checkout master
DEBUG: ran git checkout master in 
DEBUG: LC_ALL=C JX_LOG_LEVEL=error git reset --hard a8d681580805fd94b9fa3368923f0a2119b22595
DEBUG: ran git reset --hard a8d681580805fd94b9fa3368923f0a2119b22595 in 
DEBUG: LC_ALL=C JX_LOG_LEVEL=error git clean -fd .
DEBUG: ran clean --force -d . in 
DEBUG: JX_LOG_LEVEL=error LC_ALL=C git merge f43bf3ddecb6be3ff03c2fb4963f0aaef3f6a9be
DEBUG: ran git merge f43bf3ddecb6be3ff03c2fb4963f0aaef3f6a9be in 
DEBUG: LC_ALL=C JX_LOG_LEVEL=error git log --format=%H%x1f%an%x1f%ae%x1f%cn%x1f%ce%x1f%s%n%b%x1e a8d681580805fd94b9fa3368923f0a2119b22595..HEAD
Merged SHA f43bf3ddecb6be3ff03c2fb4963f0aaef3f6a9be with commit message 'chore: Promote bdd-spring-1592922502 to version 0.0.1' into base branch master

Showing logs for build [32mcb-kubecd-environment-pr-241-2-lpdlq-1[0m stage [32mfrom-build-pack[0m and container [32mstep-build-helm-build[0m
WARNING: No $CHART_REPOSITORY defined so using the default value of: http://jenkins-x-chartmuseum:8080
Adding missing Helm repo: storage.googleapis.com https://storage.googleapis.com/chartmuseum.jenkins-x.io
WARNING: No secrets found on "helm/repos" due: reading the secret "helm/repos" from vault: no secret "helm/repos" not found in vault
Read credentials for https://storage.googleapis.com/chartmuseum.jenkins-x.io from vault helm/repos
Successfully added Helm repository storage.googleapis.com.
Adding missing Helm repo: jenkins-x-chartmuseum http://jenkins-x-chartmuseum:8080
WARNING: No secrets found on "helm/repos" due: reading the secret "helm/repos" from vault: no secret "helm/repos" not found in vault
Read credentials for http://jenkins-x-chartmuseum:8080 from vault helm/repos
Successfully added Helm repository jenkins-x-chartmuseum.
WARNING: No $CHART_REPOSITORY defined so using the default value of: http://jenkins-x-chartmuseum:8080
Adding missing Helm repo: chartmuseum.jenkins-x.io http://chartmuseum.jenkins-x.io
WARNING: No secrets found on "helm/repos" due: reading the secret "helm/repos" from vault: no secret "helm/repos" not found in vault
Read credentials for http://chartmuseum.jenkins-x.io from vault helm/repos
Successfully added Helm repository chartmuseum.jenkins-x.io.
